Build started 12/5/2013 4:28:10 AM.
     1>Project "C:\Users\Will\Documents\Visual Studio 2012\Projects\subdiv_surfaces\subdiv_surfaces\subdiv_surfaces.vcxproj" on node 2 (Build target(s)).
     1>InitializeBuildStatus:
         Creating "Release\subdiv_surfaces.unsuccessfulbuild" because "AlwaysCreate" was specified.
       ClCompile:
         C:\Program Files (x86)\Microsoft Visual Studio 11.0\VC\bin\CL.exe /c /I../include /Zi /nologo /W3 /WX- /O2 /Oi /Oy- /GL /D _MBCS /Gm- /EHsc /MD /GS /Gy /fp:precise /Zc:wchar_t /Zc:forScope /Fo"Release\\" /Fd"Release\vc110.pdb" /Gd /TP /analyze- /errorReport:prompt main.cpp
         main.cpp
       Link:
         C:\Program Files (x86)\Microsoft Visual Studio 11.0\VC\bin\link.exe /ERRORREPORT:PROMPT /OUT:"C:\Users\Will\Documents\Visual Studio 2012\Projects\subdiv_surfaces\Release\subdiv_surfaces.exe" /NOLOGO /LIBPATH:../lib SOIL.lib glew32.lib glu32.lib glut32.lib opengl32.lib kernel32.lib user32.lib gdi32.lib winspool.lib comdlg32.lib advapi32.lib shell32.lib ole32.lib oleaut32.lib uuid.lib odbc32.lib odbccp32.lib kernel32.lib user32.lib gdi32.lib winspool.lib comdlg32.lib advapi32.lib shell32.lib ole32.lib oleaut32.lib uuid.lib odbc32.lib odbccp32.lib /MANIFEST /MANIFESTUAC:"level='asInvoker' uiAccess='false'" /manifest:embed /DEBUG /PDB:"C:\Users\Will\Documents\Visual Studio 2012\Projects\subdiv_surfaces\Release\subdiv_surfaces.pdb" /OPT:REF /OPT:ICF /LTCG /TLBID:1 /DYNAMICBASE /NXCOMPAT /IMPLIB:"C:\Users\Will\Documents\Visual Studio 2012\Projects\subdiv_surfaces\Release\subdiv_surfaces.lib" /MACHINE:X86 /SAFESEH Release\main.obj
     1>SOIL.lib(SOIL.obj) : warning LNK4075: ignoring '/EDITANDCONTINUE' due to '/OPT:ICF' specification
     1>LINK : warning LNK4098: defaultlib 'MSVCRTD' conflicts with use of other libs; use /NODEFAULTLIB:library
         Generating code
         Finished generating code
     1>SOIL.lib(image_DXT.obj) : warning LNK4099: PDB 'vc100.pdb' was not found with 'SOIL.lib(image_DXT.obj)' or at 'C:\Users\Will\Documents\Visual Studio 2012\Projects\subdiv_surfaces\Release\vc100.pdb'; linking object as if no debug info
     1>SOIL.lib(image_helper.obj) : warning LNK4099: PDB 'vc100.pdb' was not found with 'SOIL.lib(image_helper.obj)' or at 'C:\Users\Will\Documents\Visual Studio 2012\Projects\subdiv_surfaces\Release\vc100.pdb'; linking object as if no debug info
     1>SOIL.lib(SOIL.obj) : warning LNK4099: PDB 'vc100.pdb' was not found with 'SOIL.lib(SOIL.obj)' or at 'C:\Users\Will\Documents\Visual Studio 2012\Projects\subdiv_surfaces\Release\vc100.pdb'; linking object as if no debug info
     1>SOIL.lib(stb_image_aug.obj) : warning LNK4099: PDB 'vc100.pdb' was not found with 'SOIL.lib(stb_image_aug.obj)' or at 'C:\Users\Will\Documents\Visual Studio 2012\Projects\subdiv_surfaces\Release\vc100.pdb'; linking object as if no debug info
         subdiv_surfaces.vcxproj -> C:\Users\Will\Documents\Visual Studio 2012\Projects\subdiv_surfaces\Release\subdiv_surfaces.exe
       FinalizeBuildStatus:
         Deleting file "Release\subdiv_surfaces.unsuccessfulbuild".
         Touching "Release\subdiv_surfaces.lastbuildstate".
     1>Done Building Project "C:\Users\Will\Documents\Visual Studio 2012\Projects\subdiv_surfaces\subdiv_surfaces\subdiv_surfaces.vcxproj" (Build target(s)).

Build succeeded.

Time Elapsed 00:00:01.81
